[Licensing::Module] Trying to connect to existing licensing client channel...
Built from '6000.0/staging' branch; Version is '6000.0.61f1 (74a0adb02c31) revision 7643309'; Using compiler version '193933523'; Build Type 'Release'
[Licensing::IpcConnector] Successfully connected to: "LicenseClient-mateu" at "2025-11-06T15:04:13.363096Z"
OS: 'Windows 10  (10.0.19045) 64bit Professional' Language: 'pt' Physical Memory: 16303 MB
BatchMode: 1, IsHumanControllingUs: 0, StartBugReporterOnCrash: 0, Is64bit: 1
Date: 2025-11-06T15:04:13Z

COMMAND LINE ARGUMENTS:
C:\Program Files\Unity\Hub\Editor\6000.0.61f1\Editor\Unity.exe
-adb2
-batchMode
-noUpm
-name
AssetImportWorker0
-projectPath
D:/mateu/Documents/_GameDev/Unity Projects/Project_Room
-logFile
Logs/AssetImportWorker0.log
-srvPort
50209
-licensingIpc
LicenseClient-mateu
-job-worker-count
2
-background-job-worker-count
8
-gc-helper-count
1
-name
AssetImport
Successfully changed project path to: D:/mateu/Documents/_GameDev/Unity Projects/Project_Room
D:/mateu/Documents/_GameDev/Unity Projects/Project_Room
[UnityMemory] Configuration Parameters - Can be set up in boot.config
    "memorysetup-bucket-allocator-granularity=16"
    "memorysetup-bucket-allocator-bucket-count=8"
    "memorysetup-bucket-allocator-block-size=33554432"
    "memorysetup-bucket-allocator-block-count=8"
    "memorysetup-main-allocator-block-size=16777216"
    "memorysetup-thread-allocator-block-size=16777216"
    "memorysetup-gfx-main-allocator-block-size=16777216"
    "memorysetup-gfx-thread-allocator-block-size=16777216"
    "memorysetup-cache-allocator-block-size=4194304"
    "memorysetup-typetree-allocator-block-size=2097152"
    "memorysetup-profiler-bucket-allocator-granularity=16"
    "memorysetup-profiler-bucket-allocator-bucket-count=8"
    "memorysetup-profiler-bucket-allocator-block-size=33554432"
    "memorysetup-profiler-bucket-allocator-block-count=8"
    "memorysetup-profiler-allocator-block-size=16777216"
    "memorysetup-profiler-editor-allocator-block-size=1048576"
    "memorysetup-temp-allocator-size-main=16777216"
    "memorysetup-job-temp-allocator-block-size=2097152"
    "memorysetup-job-temp-allocator-block-size-background=1048576"
    "memorysetup-job-temp-allocator-reduction-small-platforms=262144"
    "memorysetup-allocator-temp-initial-block-size-main=262144"
    "memorysetup-allocator-temp-initial-block-size-worker=262144"
    "memorysetup-temp-allocator-size-background-worker=32768"
    "memorysetup-temp-allocator-size-job-worker=262144"
    "memorysetup-temp-allocator-size-preload-manager=33554432"
    "memorysetup-temp-allocator-size-nav-mesh-worker=65536"
    "memorysetup-temp-allocator-size-audio-worker=65536"
    "memorysetup-temp-allocator-size-cloud-worker=32768"
    "memorysetup-temp-allocator-size-gi-baking-worker=262144"
    "memorysetup-temp-allocator-size-gi-baking-worker=262144"
    "memorysetup-temp-allocator-size-gi-baking-worker=262144"
    "memorysetup-temp-allocator-size-gi-baking-worker=262144"
    "memorysetup-temp-allocator-size-gi-baking-worker=262144"
    "memorysetup-temp-allocator-size-gfx=262144"
Player connection [14232]  Target information:

Player connection [14232]  * "[IP] 192.168.0.11 [Port] 0 [Flags] 2 [Guid] 3948159048 [EditorId] 3948159048 [Version] 1048832 [Id] WindowsEditor(7,PC-Matt) [Debug] 1 [PackageName] WindowsEditor [ProjectName] Editor" 

Player connection [14232] Host joined multi-casting on [225.0.0.222:54997]...
Player connection [14232] Host joined alternative multi-casting on [225.0.0.222:34997]...
JobSystem: Creating JobQueue using job-worker-count value 2
Input System module state changed to: Initialized.
[Physics::Module] Initialized fallback backend.
[Physics::Module] Id: 0xdecafbad
[Licensing::Client] Code 10 while verifying Licensing Client signature (process Id: 4660, path: "C:/Program Files/Unity Hub/UnityLicensingClient_V1/Unity.Licensing.Client.exe")
[Licensing::Module] LicensingClient has failed validation; ignoring
[Licensing::Client] Handshaking with LicensingClient:
  Version:                 1.17.3+a4e98f1
  Session Id:              5262d24d9c6d4e369aa56352935f7225
  Correlation Id:          613c90a1c331091c3dd473e0578da4c6
  External correlation Id: 849061293887843193
  Machine Id:              NEAIR5WePdFLn2ylf2GjJR5V+gw=
[Licensing::Module] Successfully connected to LicensingClient on channel: "LicenseClient-mateu" (connect: 0.00s, validation: 0.00s, handshake: 0.15s)
[Licensing::IpcConnector] Successfully connected to: "LicenseClient-mateu-notifications" at "2025-11-06T15:04:13.5122175Z"
[Licensing::Module] Licensing Background thread has ended after 0.15s
Library Redirect Path: Library/
[Physics::Module] Selected backend.
[Physics::Module] Name: PhysX
[Physics::Module] Id: 0xf2b8ea05
[Physics::Module] SDK Version: 4.1.2
[Physics::Module] Integration Version: 1.0.0
[Physics::Module] Threading Mode: Multi-Threaded
Refreshing native plugins compatible for Editor in 161.88 ms, found 3 plugins.
Preloading 0 native plugins for Editor in 0.00 ms.
Initialize engine version: 6000.0.61f1 (74a0adb02c31)
[Subsystems] Discovering subsystems at path C:/Program Files/Unity/Hub/Editor/6000.0.61f1/Editor/Data/Resources/UnitySubsystems
[Subsystems] Discovering subsystems at path D:/mateu/Documents/_GameDev/Unity Projects/Project_Room/Assets
GfxDevice: creating device client; kGfxThreadingModeNonThreaded
Direct3D:
    Version:  Direct3D 11.0 [level 11.1]
    Renderer: NVIDIA GeForce RTX 2070 SUPER (ID=0x1e84)
    Vendor:   NVIDIA
    VRAM:     7989 MB
    Driver:   32.0.15.8180
Initialize mono
Mono path[0] = 'C:/Program Files/Unity/Hub/Editor/6000.0.61f1/Editor/Data/Managed'
Mono path[1] = 'C:/Program Files/Unity/Hub/Editor/6000.0.61f1/Editor/Data/MonoBleedingEdge/lib/mono/unityjit-win32'
Mono config path = 'C:/Program Files/Unity/Hub/Editor/6000.0.61f1/Editor/Data/MonoBleedingEdge/etc'
Using monoOptions --debugger-agent=transport=dt_socket,embedding=1,server=y,suspend=n,address=127.0.0.1:56652
Begin MonoManager ReloadAssembly
Registering precompiled unity dll's ...
Register platform support module: C:/Program Files/Unity/Hub/Editor/6000.0.61f1/Editor/Data/PlaybackEngines/WindowsStandaloneSupport/UnityEditor.WindowsStandalone.Extensions.dll
Registered in 0.137260 seconds.
- Loaded All Assemblies, in 11.254 seconds
Native extension for WindowsStandalone target not found
Mono: successfully reloaded assembly
- Finished resetting the current domain, in  0.397 seconds
Domain Reload Profiling: 11650ms
	BeginReloadAssembly (9294ms)
		ExecutionOrderSort (0ms)
		DisableScriptedObjects (0ms)
		BackupInstance (0ms)
		ReleaseScriptingObjects (0ms)
		CreateAndSetChildDomain (1ms)
	RebuildCommonClasses (568ms)
	RebuildNativeTypeToScriptingClass (16ms)
	initialDomainReloadingComplete (187ms)
	LoadAllAssembliesAndSetupDomain (1187ms)
		LoadAssemblies (9291ms)
		RebuildTransferFunctionScriptingTraits (0ms)
		AnalyzeDomain (1183ms)
			TypeCache.Refresh (1182ms)
				TypeCache.ScanAssembly (842ms)
			BuildScriptInfoCaches (0ms)
			ResolveRequiredComponents (1ms)
	FinalizeReload (398ms)
		ReleaseScriptCaches (0ms)
		RebuildScriptCaches (0ms)
		SetupLoadedEditorAssemblies (349ms)
			LogAssemblyErrors (0ms)
			InitializePlatformSupportModulesInManaged (29ms)
			SetLoadedEditorAssemblies (6ms)
			BeforeProcessingInitializeOnLoad (68ms)
			ProcessInitializeOnLoadAttributes (175ms)
			ProcessInitializeOnLoadMethodAttributes (71ms)
			AfterProcessingInitializeOnLoad (0ms)
			EditorAssembliesLoaded (0ms)
		ExecutionOrderSort2 (0ms)
		AwakeInstancesAfterBackupRestoration (0ms)
========================================================================
Worker process is ready to serve import requests
Import Worker Mode flag is 0x00
Begin MonoManager ReloadAssembly
[Licensing::Client] Successfully resolved entitlement details
[Licensing::Module] License group:
  Id: 4673211846037-UnityPersXXXX
  Product: Unity Personal
  Type: Assigned
  Expiration: Unlimited
- Loaded All Assemblies, in 10.529 seconds
Refreshing native plugins compatible for Editor in 1.37 ms, found 3 plugins.
Native extension for WindowsStandalone target not found
[MODES] ModeService[none].Initialize
[MODES] ModeService[none].LoadModes
[MODES] Loading mode Default (0) for mode-current-id-Project_Room
Package Manager log level set to [2]
[Package Manager] Failed to launch server process. Reason: Unity was launched with the -noUpm command-line argument
[Package Manager] Unable to send message (not connected to server process).
[Package Manager] Cannot connect to Unity Package Manager local server
Mono: successfully reloaded assembly
- Finished resetting the current domain, in  1.049 seconds
Domain Reload Profiling: 11576ms
	BeginReloadAssembly (203ms)
		ExecutionOrderSort (0ms)
		DisableScriptedObjects (8ms)
		BackupInstance (0ms)
		ReleaseScriptingObjects (0ms)
		CreateAndSetChildDomain (32ms)
	RebuildCommonClasses (42ms)
	RebuildNativeTypeToScriptingClass (14ms)
	initialDomainReloadingComplete (41ms)
	LoadAllAssembliesAndSetupDomain (10226ms)
		LoadAssemblies (9738ms)
		RebuildTransferFunctionScriptingTraits (0ms)
		AnalyzeDomain (598ms)
			TypeCache.Refresh (528ms)
				TypeCache.ScanAssembly (513ms)
			BuildScriptInfoCaches (60ms)
			ResolveRequiredComponents (7ms)
	FinalizeReload (1050ms)
		ReleaseScriptCaches (0ms)
		RebuildScriptCaches (0ms)
		SetupLoadedEditorAssemblies (911ms)
			LogAssemblyErrors (0ms)
			InitializePlatformSupportModulesInManaged (3ms)
			SetLoadedEditorAssemblies (5ms)
			BeforeProcessingInitializeOnLoad (190ms)
			ProcessInitializeOnLoadAttributes (644ms)
			ProcessInitializeOnLoadMethodAttributes (65ms)
			AfterProcessingInitializeOnLoad (5ms)
			EditorAssembliesLoaded (0ms)
		ExecutionOrderSort2 (0ms)
		AwakeInstancesAfterBackupRestoration (8ms)
Launched and connected shader compiler UnityShaderCompiler.exe after 0.06 seconds
Refreshing native plugins compatible for Editor in 1.40 ms, found 3 plugins.
Preloading 0 native plugins for Editor in 0.00 ms.
Unloading 41 Unused Serialized files (Serialized files now loaded: 0)
Unloading 4932 unused Assets / (6.6 MB). Loaded Objects now: 5467.
Memory consumption went from 105.0 MB to 98.4 MB.
Total: 8.159000 ms (FindLiveObjects: 0.558400 ms CreateObjectMapping: 0.623100 ms MarkObjects: 4.776900 ms  DeleteObjects: 2.199800 ms)

========================================================================
Received Import Request.
  Time since last request: 7616.111606 seconds.
  path: Assets/Material/Pistol_Mag.mat
  artifactKey: Guid(e27213fe84e25f14a8d40d063b77ed56) Importer(815301076,1909f56bfc062723c751e8b465ee728b)
Start importing Assets/Material/Pistol_Mag.mat using Guid(e27213fe84e25f14a8d40d063b77ed56) Importer(815301076,1909f56bfc062723c751e8b465ee728b) (PreviewImporter) -> (artifact id: '590cd6708e5e8dfb0ab6b919479a9ab0') in 0.1996714 seconds
Number of updated asset objects reloaded before import = 0Number of asset objects unloaded after import = 3

========================================================================
Received Import Request.
  Time since last request: 0.000022 seconds.
  path: Assets/Animation/Pistol_Shoot.anim
  artifactKey: Guid(41475884d2f8732458726b8f75311a9d) Importer(815301076,1909f56bfc062723c751e8b465ee728b)
Start importing Assets/Animation/Pistol_Shoot.anim using Guid(41475884d2f8732458726b8f75311a9d) Importer(815301076,1909f56bfc062723c751e8b465ee728b) (PreviewImporter) -> (artifact id: 'd365157687f9454e8d48aa30bb20f0f2') in 0.0102336 seconds
Number of updated asset objects reloaded before import = 0Number of asset objects unloaded after import = 1

========================================================================
Received Import Request.
  Time since last request: 0.000025 seconds.
  path: Assets/_Script/EnemyWeaponInteraction.cs
  artifactKey: Guid(2df6f0c679b734240af2017b762e7270) Importer(815301076,1909f56bfc062723c751e8b465ee728b)
Start importing Assets/_Script/EnemyWeaponInteraction.cs using Guid(2df6f0c679b734240af2017b762e7270) Importer(815301076,1909f56bfc062723c751e8b465ee728b) (PreviewImporter) -> (artifact id: '0531afb3f213842f81c7eb743a4c3afc') in 0.0107356 seconds
Number of updated asset objects reloaded before import = 0Number of asset objects unloaded after import = 0

========================================================================
Received Import Request.
  Time since last request: 0.000052 seconds.
  path: Assets/Textures/Pistol mag/PistolMag01_Color.png
  artifactKey: Guid(55a1d97d0bd260743817b3376862ae43) Importer(815301076,1909f56bfc062723c751e8b465ee728b)
Start importing Assets/Textures/Pistol mag/PistolMag01_Color.png using Guid(55a1d97d0bd260743817b3376862ae43) Importer(815301076,1909f56bfc062723c751e8b465ee728b) (PreviewImporter) -> (artifact id: 'b4ca6ea14953d36e2de1f494ae27e888') in 0.0270612 seconds
Number of updated asset objects reloaded before import = 0Number of asset objects unloaded after import = 2

========================================================================
Received Import Request.
  Time since last request: 0.000016 seconds.
  path: Assets/Sprite/Mag_Pistol.png
  artifactKey: Guid(f061982833e60c24fba7de3b62338a3d) Importer(815301076,1909f56bfc062723c751e8b465ee728b)
Start importing Assets/Sprite/Mag_Pistol.png using Guid(f061982833e60c24fba7de3b62338a3d) Importer(815301076,1909f56bfc062723c751e8b465ee728b) (PreviewImporter) -> (artifact id: '0e313db414505dc6bab8c6d29e172943') in 0.0244119 seconds
Number of updated asset objects reloaded before import = 0Number of asset objects unloaded after import = 3

========================================================================
Received Import Request.
  Time since last request: 0.000015 seconds.
  path: Assets/_Script/SOWeapon.cs
  artifactKey: Guid(3c91ce02f6d96ce4f8347baeef20a293) Importer(815301076,1909f56bfc062723c751e8b465ee728b)
Start importing Assets/_Script/SOWeapon.cs using Guid(3c91ce02f6d96ce4f8347baeef20a293) Importer(815301076,1909f56bfc062723c751e8b465ee728b) (PreviewImporter) -> (artifact id: '588c564829ce3dfcd4f466462aa0c3e5') in 0.0007159 seconds
Number of updated asset objects reloaded before import = 0Number of asset objects unloaded after import = 0

========================================================================
Received Import Request.
  Time since last request: 0.000058 seconds.
  path: Assets/_Script/WeaponAnimationManager.cs
  artifactKey: Guid(400cbb11d7734e641a586ecdf24d4b8e) Importer(815301076,1909f56bfc062723c751e8b465ee728b)
Start importing Assets/_Script/WeaponAnimationManager.cs using Guid(400cbb11d7734e641a586ecdf24d4b8e) Importer(815301076,1909f56bfc062723c751e8b465ee728b) (PreviewImporter) -> (artifact id: '70ead9d77d15cec23310079f065b8b70') in 0.0005145 seconds
Number of updated asset objects reloaded before import = 0Number of asset objects unloaded after import = 0

========================================================================
Received Import Request.
  Time since last request: 0.000048 seconds.
  path: Assets/TextMesh Pro/Examples & Extras/Scenes/04 - Word Wrapping.unity
  artifactKey: Guid(8f7137eacd7042d5b17ef0efe5e744f5) Importer(815301076,1909f56bfc062723c751e8b465ee728b)
Start importing Assets/TextMesh Pro/Examples & Extras/Scenes/04 - Word Wrapping.unity using Guid(8f7137eacd7042d5b17ef0efe5e744f5) Importer(815301076,1909f56bfc062723c751e8b465ee728b) (PreviewImporter) -> (artifact id: '779f9dcf7e87f710ba9e0d768f7b333b') in 0.0006122 seconds
Number of updated asset objects reloaded before import = 0Number of asset objects unloaded after import = 0

========================================================================
Received Import Request.
  Time since last request: 0.000048 seconds.
  path: Assets/_Scene/Level.unity
  artifactKey: Guid(f722c52ea3b83e04ca6ac1dd1ad57f35) Importer(2089858483,0ecaa5967403d082aa24f35e1b516d23)
Start importing Assets/_Scene/Level.unity using Guid(f722c52ea3b83e04ca6ac1dd1ad57f35) Importer(2089858483,0ecaa5967403d082aa24f35e1b516d23) (ScriptedImporter) -> (artifact id: '5d22663b1cf172bad6b15003a975369c') in 0.0748877 seconds
Number of updated asset objects reloaded before import = 0Number of asset objects unloaded after import = 1

========================================================================
Received Import Request.
  Time since last request: 0.000016 seconds.
  path: Assets/Textures/Pistol mag/PistolMag02_Roughness.png
  artifactKey: Guid(1a2efa3bace37e3478f3996db6afd597) Importer(815301076,1909f56bfc062723c751e8b465ee728b)
Start importing Assets/Textures/Pistol mag/PistolMag02_Roughness.png using Guid(1a2efa3bace37e3478f3996db6afd597) Importer(815301076,1909f56bfc062723c751e8b465ee728b) (PreviewImporter) -> (artifact id: '1dfe018da093558de034a6235800e6b0') in 0.0150728 seconds
Number of updated asset objects reloaded before import = 0Number of asset objects unloaded after import = 2

========================================================================
Received Import Request.
  Time since last request: 0.000015 seconds.
  path: Assets/Material/Pistol.mat
  artifactKey: Guid(5179285a7c0270d4e8f8428b3e6e2e53) Importer(815301076,1909f56bfc062723c751e8b465ee728b)
Start importing Assets/Material/Pistol.mat using Guid(5179285a7c0270d4e8f8428b3e6e2e53) Importer(815301076,1909f56bfc062723c751e8b465ee728b) (PreviewImporter) -> (artifact id: 'eb66c2d5eb8a7ded0cdc68b1125425fa') in 0.0135409 seconds
Number of updated asset objects reloaded before import = 0Number of asset objects unloaded after import = 3

========================================================================
Received Import Request.
  Time since last request: 0.000015 seconds.
  path: Assets/_Script/PlayerWeaponInteraction.cs
  artifactKey: Guid(11014a2ce9e734d48a183ece1246e08d) Importer(815301076,1909f56bfc062723c751e8b465ee728b)
Start importing Assets/_Script/PlayerWeaponInteraction.cs using Guid(11014a2ce9e734d48a183ece1246e08d) Importer(815301076,1909f56bfc062723c751e8b465ee728b) (PreviewImporter) -> (artifact id: '2721a1e7ebed89fb073a5b44968c1a2c') in 0.0005336 seconds
Number of updated asset objects reloaded before import = 0Number of asset objects unloaded after import = 0

========================================================================
Received Import Request.
  Time since last request: 0.000046 seconds.
  path: Assets/_Prefab/Item/Weapon/Pistol.prefab
  artifactKey: Guid(3506d0d7280e5314e8368499a967254d) Importer(815301076,1909f56bfc062723c751e8b465ee728b)
Start importing Assets/_Prefab/Item/Weapon/Pistol.prefab using Guid(3506d0d7280e5314e8368499a967254d) Importer(815301076,1909f56bfc062723c751e8b465ee728b) (PreviewImporter)Refreshing native plugins compatible for Editor in 1.45 ms, found 3 plugins.
Preloading 0 native plugins for Editor in 0.00 ms.
 -> (artifact id: '56d76a918a0136858c12113ced09fd17') in 0.1268334 seconds
Number of updated asset objects reloaded before import = 0Number of asset objects unloaded after import = 65

========================================================================
Received Import Request.
  Time since last request: 0.000021 seconds.
  path: Assets/Textures/Pistol mag/PistolMag02_Color.png
  artifactKey: Guid(960c046003747164a98c5a398f8fbee9) Importer(815301076,1909f56bfc062723c751e8b465ee728b)
Start importing Assets/Textures/Pistol mag/PistolMag02_Color.png using Guid(960c046003747164a98c5a398f8fbee9) Importer(815301076,1909f56bfc062723c751e8b465ee728b) (PreviewImporter) -> (artifact id: '9db42319fd420b77f2e02eac8efeac9a') in 0.0133459 seconds
Number of updated asset objects reloaded before import = 0Number of asset objects unloaded after import = 2

========================================================================
Received Import Request.
  Time since last request: 0.000024 seconds.
  path: Assets/Sprite/Ammo_Pistol.png
  artifactKey: Guid(d5f80fafda73c7a4c96e6ce196a12ede) Importer(815301076,1909f56bfc062723c751e8b465ee728b)
Start importing Assets/Sprite/Ammo_Pistol.png using Guid(d5f80fafda73c7a4c96e6ce196a12ede) Importer(815301076,1909f56bfc062723c751e8b465ee728b) (PreviewImporter) -> (artifact id: '663c71b5d30176c650226358f106ba47') in 0.0140223 seconds
Number of updated asset objects reloaded before import = 0Number of asset objects unloaded after import = 3

========================================================================
Received Import Request.
  Time since last request: 0.000015 seconds.
  path: Assets/Textures/Pistol mag/PistolMag01_Roughness.png
  artifactKey: Guid(10c804a25437dfa4ab7c97f3ac0f8755) Importer(815301076,1909f56bfc062723c751e8b465ee728b)
Start importing Assets/Textures/Pistol mag/PistolMag01_Roughness.png using Guid(10c804a25437dfa4ab7c97f3ac0f8755) Importer(815301076,1909f56bfc062723c751e8b465ee728b) (PreviewImporter) -> (artifact id: 'b7c6b317652a6bab45344de1043de066') in 0.0267173 seconds
Number of updated asset objects reloaded before import = 0Number of asset objects unloaded after import = 2

========================================================================
Received Import Request.
  Time since last request: 0.000017 seconds.
  path: Assets/_Script/CameraPivot.cs
  artifactKey: Guid(4f8844f14e20c73478ee1466109ae496) Importer(815301076,1909f56bfc062723c751e8b465ee728b)
Start importing Assets/_Script/CameraPivot.cs using Guid(4f8844f14e20c73478ee1466109ae496) Importer(815301076,1909f56bfc062723c751e8b465ee728b) (PreviewImporter) -> (artifact id: '87e092590ae966103606590ab0175397') in 0.0169605 seconds
Number of updated asset objects reloaded before import = 0Number of asset objects unloaded after import = 0

========================================================================
Received Import Request.
  Time since last request: 0.000022 seconds.
  path: Assets/_Script/WeaponProjectile.cs
  artifactKey: Guid(0b06bb3593620324086f4224244fc495) Importer(815301076,1909f56bfc062723c751e8b465ee728b)
Start importing Assets/_Script/WeaponProjectile.cs using Guid(0b06bb3593620324086f4224244fc495) Importer(815301076,1909f56bfc062723c751e8b465ee728b) (PreviewImporter) -> (artifact id: '9c440b1cc79804bc1003434e6749493f') in 0.0168674 seconds
Number of updated asset objects reloaded before import = 0Number of asset objects unloaded after import = 0

========================================================================
Received Import Request.
  Time since last request: 0.000048 seconds.
  path: Assets/_Prefab/Item/Weapon/DoubleBarrel.prefab
  artifactKey: Guid(91e426bf8db83cb4d84dfbcecf602fe2) Importer(815301076,1909f56bfc062723c751e8b465ee728b)
Start importing Assets/_Prefab/Item/Weapon/DoubleBarrel.prefab using Guid(91e426bf8db83cb4d84dfbcecf602fe2) Importer(815301076,1909f56bfc062723c751e8b465ee728b) (PreviewImporter)Refreshing native plugins compatible for Editor in 1.96 ms, found 3 plugins.
Preloading 0 native plugins for Editor in 0.00 ms.
 -> (artifact id: 'b0c0db5c3faed1e362297ee8ccfb4e91') in 0.1745177 seconds
Number of updated asset objects reloaded before import = 0Number of asset objects unloaded after import = 67

========================================================================
Received Import Request.
  Time since last request: 0.000025 seconds.
  path: Assets/Textures/Pistol/PistolColor.png
  artifactKey: Guid(9a9b95b0946b4b14a8570942c2e90603) Importer(815301076,1909f56bfc062723c751e8b465ee728b)
Start importing Assets/Textures/Pistol/PistolColor.png using Guid(9a9b95b0946b4b14a8570942c2e90603) Importer(815301076,1909f56bfc062723c751e8b465ee728b) (PreviewImporter) -> (artifact id: '57763a28d8253e429dd6b3d513cbeb85') in 0.0138986 seconds
Number of updated asset objects reloaded before import = 0Number of asset objects unloaded after import = 2

========================================================================
Received Import Request.
  Time since last request: 0.000026 seconds.
  path: Assets/_Scene/Debug.unity
  artifactKey: Guid(ee890f7d1c029cf459a0e5865b2a86cd) Importer(2089858483,0ecaa5967403d082aa24f35e1b516d23)
Start importing Assets/_Scene/Debug.unity using Guid(ee890f7d1c029cf459a0e5865b2a86cd) Importer(2089858483,0ecaa5967403d082aa24f35e1b516d23) (ScriptedImporter) -> (artifact id: '3aeab5a3c12a32a13ab7d0526836c26b') in 0.0109843 seconds
Number of updated asset objects reloaded before import = 0Number of asset objects unloaded after import = 1

========================================================================
Received Import Request.
  Time since last request: 0.000019 seconds.
  path: Assets/_Prefab/Item/Weapon/MP5.prefab
  artifactKey: Guid(f2022527f100d2a44af1ec975021b88b) Importer(815301076,1909f56bfc062723c751e8b465ee728b)
Start importing Assets/_Prefab/Item/Weapon/MP5.prefab using Guid(f2022527f100d2a44af1ec975021b88b) Importer(815301076,1909f56bfc062723c751e8b465ee728b) (PreviewImporter)Refreshing native plugins compatible for Editor in 1.85 ms, found 3 plugins.
Preloading 0 native plugins for Editor in 0.00 ms.
 -> (artifact id: '35ab0a92647df9db45155a405513e03d') in 0.1924533 seconds
Number of updated asset objects reloaded before import = 0Number of asset objects unloaded after import = 75

========================================================================
Received Import Request.
  Time since last request: 0.000019 seconds.
  path: Assets/_Script/Weapon.cs
  artifactKey: Guid(f7c124549f987ce449fa088a7acf2fc3) Importer(815301076,1909f56bfc062723c751e8b465ee728b)
Start importing Assets/_Script/Weapon.cs using Guid(f7c124549f987ce449fa088a7acf2fc3) Importer(815301076,1909f56bfc062723c751e8b465ee728b) (PreviewImporter) -> (artifact id: '7e5c01586bd5b12fd07e3605095c63c9') in 0.0006649 seconds
Number of updated asset objects reloaded before import = 0Number of asset objects unloaded after import = 0

========================================================================
Received Import Request.
  Time since last request: 0.000048 seconds.
  path: Assets/Textures/Pistol/PistolRoughness.png
  artifactKey: Guid(1a848dc2dc6b759459fed9e3eb4f316b) Importer(815301076,1909f56bfc062723c751e8b465ee728b)
Start importing Assets/Textures/Pistol/PistolRoughness.png using Guid(1a848dc2dc6b759459fed9e3eb4f316b) Importer(815301076,1909f56bfc062723c751e8b465ee728b) (PreviewImporter) -> (artifact id: '426e876551475f9aaf9bd36f5d73d68a') in 0.0143441 seconds
Number of updated asset objects reloaded before import = 0Number of asset objects unloaded after import = 2

========================================================================
Received Import Request.
  Time since last request: 20.900509 seconds.
  path: Assets/_Scene/Level.unity
  artifactKey: Guid(f722c52ea3b83e04ca6ac1dd1ad57f35) Importer(2089858483,0ecaa5967403d082aa24f35e1b516d23)
Start importing Assets/_Scene/Level.unity using Guid(f722c52ea3b83e04ca6ac1dd1ad57f35) Importer(2089858483,0ecaa5967403d082aa24f35e1b516d23) (ScriptedImporter) -> (artifact id: 'd4a8b52f4e1a721b3faf39735c2dc8a2') in 0.0137467 seconds
Number of updated asset objects reloaded before import = 0Number of asset objects unloaded after import = 1

========================================================================
Received Prepare
Refreshing native plugins compatible for Editor in 1.44 ms, found 3 plugins.
Preloading 0 native plugins for Editor in 0.00 ms.
Unloading 41 Unused Serialized files (Serialized files now loaded: 0)
Unloading 4927 unused Assets / (6.6 MB). Loaded Objects now: 5522.
Memory consumption went from 108.6 MB to 102.0 MB.
Total: 10.152200 ms (FindLiveObjects: 0.537700 ms CreateObjectMapping: 0.567700 ms MarkObjects: 6.657000 ms  DeleteObjects: 2.388200 ms)

Prepare: number of updated asset objects reloaded= 0
========================================================================
Received Import Request.
  Time since last request: 1475.261058 seconds.
  path: Assets/_Script/Screenshot.cs
  artifactKey: Guid(d0f80d070e97c9e43b0e3af8558c1488) Importer(815301076,1909f56bfc062723c751e8b465ee728b)
Start importing Assets/_Script/Screenshot.cs using Guid(d0f80d070e97c9e43b0e3af8558c1488) Importer(815301076,1909f56bfc062723c751e8b465ee728b) (PreviewImporter) -> (artifact id: '7ecfc71824f346958e44fdd8933b2d32') in 0.0031929 seconds
Number of updated asset objects reloaded before import = 0Number of asset objects unloaded after import = 0

========================================================================
Received Import Request.
  Time since last request: 0.072667 seconds.
  path: Assets/_Script/Screenshot.cs
  artifactKey: Guid(d0f80d070e97c9e43b0e3af8558c1488) Importer(2089858483,0ecaa5967403d082aa24f35e1b516d23)
Start importing Assets/_Script/Screenshot.cs using Guid(d0f80d070e97c9e43b0e3af8558c1488) Importer(2089858483,0ecaa5967403d082aa24f35e1b516d23) (ScriptedImporter) -> (artifact id: '33a140a88bd02b4b5996aa0db8850294') in 0.0398839 seconds
Number of updated asset objects reloaded before import = 0Number of asset objects unloaded after import = 0

========================================================================
Received Prepare
Refreshing native plugins compatible for Editor in 1.62 ms, found 3 plugins.
Preloading 0 native plugins for Editor in 0.00 ms.
Unloading 41 Unused Serialized files (Serialized files now loaded: 0)
Unloading 4923 unused Assets / (6.8 MB). Loaded Objects now: 5522.
Memory consumption went from 108.6 MB to 101.8 MB.
Total: 13.226200 ms (FindLiveObjects: 0.546700 ms CreateObjectMapping: 0.634600 ms MarkObjects: 8.762900 ms  DeleteObjects: 3.280900 ms)

Prepare: number of updated asset objects reloaded= 0
========================================================================
Received Import Request.
  Time since last request: 86.759996 seconds.
  path: Assets/_Script/Screenshot.cs
  artifactKey: Guid(d0f80d070e97c9e43b0e3af8558c1488) Importer(815301076,1909f56bfc062723c751e8b465ee728b)
Start importing Assets/_Script/Screenshot.cs using Guid(d0f80d070e97c9e43b0e3af8558c1488) Importer(815301076,1909f56bfc062723c751e8b465ee728b) (PreviewImporter) -> (artifact id: 'e49de521a90a16eef53adbb6a614e561') in 0.0017125 seconds
Number of updated asset objects reloaded before import = 0Number of asset objects unloaded after import = 0

========================================================================
Received Import Request.
  Time since last request: 0.761876 seconds.
  path: Assets/_Script/Screenshot.cs
  artifactKey: Guid(d0f80d070e97c9e43b0e3af8558c1488) Importer(2089858483,0ecaa5967403d082aa24f35e1b516d23)
Start importing Assets/_Script/Screenshot.cs using Guid(d0f80d070e97c9e43b0e3af8558c1488) Importer(2089858483,0ecaa5967403d082aa24f35e1b516d23) (ScriptedImporter) -> (artifact id: 'f0e98ee2d45035bf32271d9f388704e5') in 0.0151517 seconds
Number of updated asset objects reloaded before import = 0Number of asset objects unloaded after import = 0

========================================================================
Received Prepare
Begin MonoManager ReloadAssembly
[Licensing::Client] Successfully resolved entitlement details
- Loaded All Assemblies, in  0.820 seconds
Refreshing native plugins compatible for Editor in 1.35 ms, found 3 plugins.
Native extension for WindowsStandalone target not found
[MODES] ModeService[none].Initialize
[MODES] ModeService[none].LoadModes
[Package Manager] Failed to launch server process. Reason: Unity was launched with the -noUpm command-line argument
[Package Manager] Unable to send message (not connected to server process).
[Package Manager] Cannot connect to Unity Package Manager local server
Mono: successfully reloaded assembly
- Finished resetting the current domain, in  1.082 seconds
Domain Reload Profiling: 1904ms
	BeginReloadAssembly (241ms)
		ExecutionOrderSort (0ms)
		DisableScriptedObjects (8ms)
		BackupInstance (0ms)
		ReleaseScriptingObjects (0ms)
		CreateAndSetChildDomain (57ms)
	RebuildCommonClasses (43ms)
	RebuildNativeTypeToScriptingClass (16ms)
	initialDomainReloadingComplete (31ms)
	LoadAllAssembliesAndSetupDomain (490ms)
		LoadAssemblies (411ms)
		RebuildTransferFunctionScriptingTraits (0ms)
		AnalyzeDomain (190ms)
			TypeCache.Refresh (11ms)
				TypeCache.ScanAssembly (2ms)
			BuildScriptInfoCaches (168ms)
			ResolveRequiredComponents (7ms)
	FinalizeReload (1083ms)
		ReleaseScriptCaches (0ms)
		RebuildScriptCaches (0ms)
		SetupLoadedEditorAssemblies (925ms)
			LogAssemblyErrors (0ms)
			InitializePlatformSupportModulesInManaged (3ms)
			SetLoadedEditorAssemblies (6ms)
			BeforeProcessingInitializeOnLoad (197ms)
			ProcessInitializeOnLoadAttributes (649ms)
			ProcessInitializeOnLoadMethodAttributes (64ms)
			AfterProcessingInitializeOnLoad (5ms)
			EditorAssembliesLoaded (0ms)
		ExecutionOrderSort2 (0ms)
		AwakeInstancesAfterBackupRestoration (8ms)
Refreshing native plugins compatible for Editor in 1.37 ms, found 3 plugins.
Preloading 0 native plugins for Editor in 0.00 ms.
Unloading 41 Unused Serialized files (Serialized files now loaded: 0)
Unloading 4931 unused Assets / (6.5 MB). Loaded Objects now: 5526.
Memory consumption went from 110.0 MB to 103.5 MB.
Total: 8.842900 ms (FindLiveObjects: 0.607300 ms CreateObjectMapping: 0.638100 ms MarkObjects: 5.347700 ms  DeleteObjects: 2.240900 ms)

Prepare: number of updated asset objects reloaded= 0
========================================================================
Received Import Request.
  Time since last request: 16.911881 seconds.
  path: Assets/_Script/Screenshot.cs
  artifactKey: Guid(d0f80d070e97c9e43b0e3af8558c1488) Importer(815301076,1909f56bfc062723c751e8b465ee728b)
Start importing Assets/_Script/Screenshot.cs using Guid(d0f80d070e97c9e43b0e3af8558c1488) Importer(815301076,1909f56bfc062723c751e8b465ee728b) (PreviewImporter) -> (artifact id: '9a26b05e4d83187a0435eb3dd6be9a78') in 0.0034633 seconds
Number of updated asset objects reloaded before import = 0Number of asset objects unloaded after import = 0

========================================================================
Received Prepare
Refreshing native plugins compatible for Editor in 1.38 ms, found 3 plugins.
Preloading 0 native plugins for Editor in 0.00 ms.
Unloading 41 Unused Serialized files (Serialized files now loaded: 0)
Unloading 4923 unused Assets / (6.5 MB). Loaded Objects now: 5526.
Memory consumption went from 110.2 MB to 103.7 MB.
Total: 8.181500 ms (FindLiveObjects: 0.560500 ms CreateObjectMapping: 0.601200 ms MarkObjects: 4.723700 ms  DeleteObjects: 2.294500 ms)

Prepare: number of updated asset objects reloaded= 0
========================================================================
Received Import Request.
  Time since last request: 103.543976 seconds.
  path: Assets/_Script/Screenshot.cs
  artifactKey: Guid(d0f80d070e97c9e43b0e3af8558c1488) Importer(815301076,1909f56bfc062723c751e8b465ee728b)
Start importing Assets/_Script/Screenshot.cs using Guid(d0f80d070e97c9e43b0e3af8558c1488) Importer(815301076,1909f56bfc062723c751e8b465ee728b) (PreviewImporter) -> (artifact id: '2960d7714e2b995abcf3c74467d14b6e') in 0.0018216 seconds
Number of updated asset objects reloaded before import = 0Number of asset objects unloaded after import = 0

========================================================================
Received Prepare
Begin MonoManager ReloadAssembly
[Licensing::Client] Successfully resolved entitlement details
- Loaded All Assemblies, in  0.812 seconds
Refreshing native plugins compatible for Editor in 1.62 ms, found 3 plugins.
Native extension for WindowsStandalone target not found
[MODES] ModeService[none].Initialize
[MODES] ModeService[none].LoadModes
[Package Manager] Failed to launch server process. Reason: Unity was launched with the -noUpm command-line argument
[Package Manager] Unable to send message (not connected to server process).
[Package Manager] Cannot connect to Unity Package Manager local server
Mono: successfully reloaded assembly
- Finished resetting the current domain, in  1.024 seconds
Domain Reload Profiling: 1837ms
	BeginReloadAssembly (240ms)
		ExecutionOrderSort (0ms)
		DisableScriptedObjects (8ms)
		BackupInstance (0ms)
		ReleaseScriptingObjects (0ms)
		CreateAndSetChildDomain (51ms)
	RebuildCommonClasses (45ms)
	RebuildNativeTypeToScriptingClass (16ms)
	initialDomainReloadingComplete (31ms)
	LoadAllAssembliesAndSetupDomain (480ms)
		LoadAssemblies (412ms)
		RebuildTransferFunctionScriptingTraits (0ms)
		AnalyzeDomain (187ms)
			TypeCache.Refresh (11ms)
				TypeCache.ScanAssembly (2ms)
			BuildScriptInfoCaches (165ms)
			ResolveRequiredComponents (7ms)
	FinalizeReload (1024ms)
		ReleaseScriptCaches (0ms)
		RebuildScriptCaches (0ms)
		SetupLoadedEditorAssemblies (874ms)
			LogAssemblyErrors (0ms)
			InitializePlatformSupportModulesInManaged (3ms)
			SetLoadedEditorAssemblies (6ms)
			BeforeProcessingInitializeOnLoad (188ms)
			ProcessInitializeOnLoadAttributes (593ms)
			ProcessInitializeOnLoadMethodAttributes (80ms)
			AfterProcessingInitializeOnLoad (5ms)
			EditorAssembliesLoaded (0ms)
		ExecutionOrderSort2 (0ms)
		AwakeInstancesAfterBackupRestoration (8ms)
Refreshing native plugins compatible for Editor in 1.41 ms, found 3 plugins.
Preloading 0 native plugins for Editor in 0.00 ms.
Unloading 41 Unused Serialized files (Serialized files now loaded: 0)
Unloading 4931 unused Assets / (7.5 MB). Loaded Objects now: 5530.
Memory consumption went from 110.0 MB to 102.5 MB.
Total: 15.601200 ms (FindLiveObjects: 1.252800 ms CreateObjectMapping: 1.137400 ms MarkObjects: 7.857900 ms  DeleteObjects: 5.351900 ms)

Prepare: number of updated asset objects reloaded= 0
========================================================================
Received Prepare
Refreshing native plugins compatible for Editor in 1.68 ms, found 3 plugins.
Preloading 0 native plugins for Editor in 0.00 ms.
Unloading 41 Unused Serialized files (Serialized files now loaded: 0)
Unloading 4923 unused Assets / (6.3 MB). Loaded Objects now: 5530.
Memory consumption went from 110.1 MB to 103.8 MB.
Total: 8.902800 ms (FindLiveObjects: 0.640700 ms CreateObjectMapping: 0.709100 ms MarkObjects: 4.920800 ms  DeleteObjects: 2.630500 ms)

Prepare: number of updated asset objects reloaded= 0
========================================================================
Received Import Request.
  Time since last request: 70.178542 seconds.
  path: Assets/_Script/Screenshot.cs
  artifactKey: Guid(d0f80d070e97c9e43b0e3af8558c1488) Importer(815301076,1909f56bfc062723c751e8b465ee728b)
Start importing Assets/_Script/Screenshot.cs using Guid(d0f80d070e97c9e43b0e3af8558c1488) Importer(815301076,1909f56bfc062723c751e8b465ee728b) (PreviewImporter) -> (artifact id: '8b151239ffe51d7e46d49519c51f1161') in 0.0047576 seconds
Number of updated asset objects reloaded before import = 0Number of asset objects unloaded after import = 0

========================================================================
Received Prepare
Begin MonoManager ReloadAssembly
[Licensing::Client] Successfully resolved entitlement details
- Loaded All Assemblies, in  0.897 seconds
Refreshing native plugins compatible for Editor in 1.91 ms, found 3 plugins.
Native extension for WindowsStandalone target not found
[MODES] ModeService[none].Initialize
[MODES] ModeService[none].LoadModes
[Package Manager] Failed to launch server process. Reason: Unity was launched with the -noUpm command-line argument
[Package Manager] Unable to send message (not connected to server process).
[Package Manager] Cannot connect to Unity Package Manager local server
Mono: successfully reloaded assembly
- Finished resetting the current domain, in  0.943 seconds
Domain Reload Profiling: 1840ms
	BeginReloadAssembly (245ms)
		ExecutionOrderSort (0ms)
		DisableScriptedObjects (8ms)
		BackupInstance (0ms)
		ReleaseScriptingObjects (0ms)
		CreateAndSetChildDomain (56ms)
	RebuildCommonClasses (52ms)
	RebuildNativeTypeToScriptingClass (19ms)
	initialDomainReloadingComplete (37ms)
	LoadAllAssembliesAndSetupDomain (543ms)
		LoadAssemblies (443ms)
		RebuildTransferFunctionScriptingTraits (0ms)
		AnalyzeDomain (220ms)
			TypeCache.Refresh (11ms)
				TypeCache.ScanAssembly (2ms)
			BuildScriptInfoCaches (197ms)
			ResolveRequiredComponents (7ms)
	FinalizeReload (944ms)
		ReleaseScriptCaches (0ms)
		RebuildScriptCaches (0ms)
		SetupLoadedEditorAssemblies (803ms)
			LogAssemblyErrors (0ms)
			InitializePlatformSupportModulesInManaged (3ms)
			SetLoadedEditorAssemblies (5ms)
			BeforeProcessingInitializeOnLoad (184ms)
			ProcessInitializeOnLoadAttributes (549ms)
			ProcessInitializeOnLoadMethodAttributes (56ms)
			AfterProcessingInitializeOnLoad (6ms)
			EditorAssembliesLoaded (0ms)
		ExecutionOrderSort2 (0ms)
		AwakeInstancesAfterBackupRestoration (8ms)
Refreshing native plugins compatible for Editor in 1.44 ms, found 3 plugins.
Preloading 0 native plugins for Editor in 0.00 ms.
Unloading 41 Unused Serialized files (Serialized files now loaded: 0)
Unloading 4931 unused Assets / (6.4 MB). Loaded Objects now: 5534.
Memory consumption went from 110.0 MB to 103.5 MB.
Total: 8.736600 ms (FindLiveObjects: 0.534400 ms CreateObjectMapping: 0.583300 ms MarkObjects: 5.063600 ms  DeleteObjects: 2.554000 ms)

Prepare: number of updated asset objects reloaded= 0
========================================================================
Received Prepare
Refreshing native plugins compatible for Editor in 1.54 ms, found 3 plugins.
Preloading 0 native plugins for Editor in 0.00 ms.
Unloading 41 Unused Serialized files (Serialized files now loaded: 0)
Unloading 4923 unused Assets / (6.5 MB). Loaded Objects now: 5534.
Memory consumption went from 110.2 MB to 103.6 MB.
Total: 8.713100 ms (FindLiveObjects: 0.532300 ms CreateObjectMapping: 0.605900 ms MarkObjects: 4.988600 ms  DeleteObjects: 2.585400 ms)

Prepare: number of updated asset objects reloaded= 0
========================================================================
Received Import Request.
  Time since last request: 45.138378 seconds.
  path: Assets/_Script/Screenshot.cs
  artifactKey: Guid(d0f80d070e97c9e43b0e3af8558c1488) Importer(815301076,1909f56bfc062723c751e8b465ee728b)
Start importing Assets/_Script/Screenshot.cs using Guid(d0f80d070e97c9e43b0e3af8558c1488) Importer(815301076,1909f56bfc062723c751e8b465ee728b) (PreviewImporter) -> (artifact id: '4d6644dc47dc31459cad68645d5ded23') in 0.004146 seconds
Number of updated asset objects reloaded before import = 0Number of asset objects unloaded after import = 0

========================================================================
Received Prepare
Begin MonoManager ReloadAssembly
- Loaded All Assemblies, in  0.784 seconds
Refreshing native plugins compatible for Editor in 1.35 ms, found 3 plugins.
Native extension for WindowsStandalone target not found
[MODES] ModeService[none].Initialize
[MODES] ModeService[none].LoadModes
[Package Manager] Failed to launch server process. Reason: Unity was launched with the -noUpm command-line argument
[Package Manager] Unable to send message (not connected to server process).
[Package Manager] Cannot connect to Unity Package Manager local server
Mono: successfully reloaded assembly
- Finished resetting the current domain, in  0.905 seconds
Domain Reload Profiling: 1689ms
	BeginReloadAssembly (224ms)
		ExecutionOrderSort (0ms)
		DisableScriptedObjects (7ms)
		BackupInstance (0ms)
		ReleaseScriptingObjects (0ms)
		CreateAndSetChildDomain (50ms)
	RebuildCommonClasses (41ms)
	RebuildNativeTypeToScriptingClass (16ms)
	initialDomainReloadingComplete (29ms)
	LoadAllAssembliesAndSetupDomain (473ms)
		LoadAssemblies (393ms)
		RebuildTransferFunctionScriptingTraits (0ms)
		AnalyzeDomain (190ms)
			TypeCache.Refresh (11ms)
				TypeCache.ScanAssembly (2ms)
			BuildScriptInfoCaches (169ms)
			ResolveRequiredComponents (7ms)
	FinalizeReload (905ms)
		ReleaseScriptCaches (0ms)
		RebuildScriptCaches (0ms)
		SetupLoadedEditorAssemblies (769ms)
			LogAssemblyErrors (0ms)
			InitializePlatformSupportModulesInManaged (2ms)
			SetLoadedEditorAssemblies (5ms)
			BeforeProcessingInitializeOnLoad (175ms)
			ProcessInitializeOnLoadAttributes (522ms)
			ProcessInitializeOnLoadMethodAttributes (61ms)
			AfterProcessingInitializeOnLoad (5ms)
			EditorAssembliesLoaded (0ms)
		ExecutionOrderSort2 (0ms)
		AwakeInstancesAfterBackupRestoration (9ms)
Refreshing native plugins compatible for Editor in 1.41 ms, found 3 plugins.
Preloading 0 native plugins for Editor in 0.00 ms.
Unloading 41 Unused Serialized files (Serialized files now loaded: 0)
Unloading 4931 unused Assets / (6.3 MB). Loaded Objects now: 5538.
Memory consumption went from 110.0 MB to 103.6 MB.
Total: 9.625100 ms (FindLiveObjects: 0.604700 ms CreateObjectMapping: 0.759700 ms MarkObjects: 5.906000 ms  DeleteObjects: 2.353600 ms)

Prepare: number of updated asset objects reloaded= 0
========================================================================
Received Prepare
Refreshing native plugins compatible for Editor in 1.64 ms, found 3 plugins.
Preloading 0 native plugins for Editor in 0.00 ms.
Unloading 41 Unused Serialized files (Serialized files now loaded: 0)
Unloading 4923 unused Assets / (6.6 MB). Loaded Objects now: 5538.
Memory consumption went from 110.2 MB to 103.6 MB.
Total: 9.161000 ms (FindLiveObjects: 0.563900 ms CreateObjectMapping: 0.768100 ms MarkObjects: 5.319800 ms  DeleteObjects: 2.508200 ms)

Prepare: number of updated asset objects reloaded= 0
========================================================================
Received Import Request.
  Time since last request: 64.360972 seconds.
  path: Assets/_Script/ScreenshotTaker.cs
  artifactKey: Guid(d0f80d070e97c9e43b0e3af8558c1488) Importer(815301076,1909f56bfc062723c751e8b465ee728b)
Start importing Assets/_Script/ScreenshotTaker.cs using Guid(d0f80d070e97c9e43b0e3af8558c1488) Importer(815301076,1909f56bfc062723c751e8b465ee728b) (PreviewImporter) -> (artifact id: 'c19bef8ab988f5762c20c29a4a9511ea') in 0.0042555 seconds
Number of updated asset objects reloaded before import = 0Number of asset objects unloaded after import = 0

========================================================================
Received Prepare
Begin MonoManager ReloadAssembly
[Licensing::Client] Successfully resolved entitlement details
- Loaded All Assemblies, in  0.793 seconds
Refreshing native plugins compatible for Editor in 1.75 ms, found 3 plugins.
Native extension for WindowsStandalone target not found
[MODES] ModeService[none].Initialize
[MODES] ModeService[none].LoadModes
[Package Manager] Failed to launch server process. Reason: Unity was launched with the -noUpm command-line argument
[Package Manager] Unable to send message (not connected to server process).
[Package Manager] Cannot connect to Unity Package Manager local server
Mono: successfully reloaded assembly
- Finished resetting the current domain, in  0.921 seconds
Domain Reload Profiling: 1715ms
	BeginReloadAssembly (245ms)
		ExecutionOrderSort (0ms)
		DisableScriptedObjects (7ms)
		BackupInstance (0ms)
		ReleaseScriptingObjects (0ms)
		CreateAndSetChildDomain (49ms)
	RebuildCommonClasses (41ms)
	RebuildNativeTypeToScriptingClass (16ms)
	initialDomainReloadingComplete (30ms)
	LoadAllAssembliesAndSetupDomain (462ms)
		LoadAssemblies (389ms)
		RebuildTransferFunctionScriptingTraits (0ms)
		AnalyzeDomain (182ms)
			TypeCache.Refresh (11ms)
				TypeCache.ScanAssembly (2ms)
			BuildScriptInfoCaches (161ms)
			ResolveRequiredComponents (6ms)
	FinalizeReload (922ms)
		ReleaseScriptCaches (0ms)
		RebuildScriptCaches (0ms)
		SetupLoadedEditorAssemblies (775ms)
			LogAssemblyErrors (0ms)
			InitializePlatformSupportModulesInManaged (3ms)
			SetLoadedEditorAssemblies (6ms)
			BeforeProcessingInitializeOnLoad (180ms)
			ProcessInitializeOnLoadAttributes (522ms)
			ProcessInitializeOnLoadMethodAttributes (60ms)
			AfterProcessingInitializeOnLoad (5ms)
			EditorAssembliesLoaded (0ms)
		ExecutionOrderSort2 (0ms)
		AwakeInstancesAfterBackupRestoration (9ms)
Refreshing native plugins compatible for Editor in 1.42 ms, found 3 plugins.
Preloading 0 native plugins for Editor in 0.00 ms.
Unloading 41 Unused Serialized files (Serialized files now loaded: 0)
Unloading 4931 unused Assets / (6.3 MB). Loaded Objects now: 5542.
Memory consumption went from 110.0 MB to 103.7 MB.
Total: 8.365500 ms (FindLiveObjects: 0.561100 ms CreateObjectMapping: 0.702500 ms MarkObjects: 4.813300 ms  DeleteObjects: 2.287500 ms)

Prepare: number of updated asset objects reloaded= 0
========================================================================
Received Import Request.
  Time since last request: 8.470934 seconds.
  path: Assets/_Script/ScreenshotTaker.cs
  artifactKey: Guid(d0f80d070e97c9e43b0e3af8558c1488) Importer(815301076,1909f56bfc062723c751e8b465ee728b)
Start importing Assets/_Script/ScreenshotTaker.cs using Guid(d0f80d070e97c9e43b0e3af8558c1488) Importer(815301076,1909f56bfc062723c751e8b465ee728b) (PreviewImporter) -> (artifact id: '106d8c2d20786ab8d3a3aaf646871917') in 0.0031421 seconds
Number of updated asset objects reloaded before import = 0Number of asset objects unloaded after import = 0

========================================================================
Received Import Request.
  Time since last request: 16.172586 seconds.
  path: Assets/_Script/ScreenshotTaker.cs
  artifactKey: Guid(d0f80d070e97c9e43b0e3af8558c1488) Importer(2089858483,0ecaa5967403d082aa24f35e1b516d23)
Start importing Assets/_Script/ScreenshotTaker.cs using Guid(d0f80d070e97c9e43b0e3af8558c1488) Importer(2089858483,0ecaa5967403d082aa24f35e1b516d23) (ScriptedImporter) -> (artifact id: '605f39afb56191156b2216797df1761a') in 0.1050396 seconds
Number of updated asset objects reloaded before import = 0Number of asset objects unloaded after import = 0

========================================================================
Received Import Request.
  Time since last request: 1.685816 seconds.
  path: Assets/_Prefab/UI/UI_Loading Screen.prefab
  artifactKey: Guid(ed2d24d2d9b90fe4bb8299b380126bb4) Importer(815301076,1909f56bfc062723c751e8b465ee728b)
Start importing Assets/_Prefab/UI/UI_Loading Screen.prefab using Guid(ed2d24d2d9b90fe4bb8299b380126bb4) Importer(815301076,1909f56bfc062723c751e8b465ee728b) (PreviewImporter) -> (artifact id: '4d557c196ca1da6ce692f871cefa263a') in 0.0742596 seconds
Number of updated asset objects reloaded before import = 0Number of asset objects unloaded after import = 17

========================================================================
Received Import Request.
  Time since last request: 0.000016 seconds.
  path: Assets/TextMesh Pro/Examples & Extras/Textures/Text Overflow - Linked Text UI Screenshot.png
  artifactKey: Guid(c76d18757a194d618355f05f815cb0a1) Importer(815301076,1909f56bfc062723c751e8b465ee728b)
Start importing Assets/TextMesh Pro/Examples & Extras/Textures/Text Overflow - Linked Text UI Screenshot.png using Guid(c76d18757a194d618355f05f815cb0a1) Importer(815301076,1909f56bfc062723c751e8b465ee728b) (PreviewImporter) -> (artifact id: 'c13bc9266a9edd8f30dedea24b945ba6') in 0.0445495 seconds
Number of updated asset objects reloaded before import = 0Number of asset objects unloaded after import = 2

========================================================================
Received Import Request.
  Time since last request: 15.801932 seconds.
  path: Assets/_Scene/Level.unity
  artifactKey: Guid(f722c52ea3b83e04ca6ac1dd1ad57f35) Importer(2089858483,0ecaa5967403d082aa24f35e1b516d23)
Start importing Assets/_Scene/Level.unity using Guid(f722c52ea3b83e04ca6ac1dd1ad57f35) Importer(2089858483,0ecaa5967403d082aa24f35e1b516d23) (ScriptedImporter) -> (artifact id: 'd94f39a33d98d991bf875cca4885aee7') in 0.0110264 seconds
Number of updated asset objects reloaded before import = 0Number of asset objects unloaded after import = 1

========================================================================
Received Import Request.
  Time since last request: 67.331572 seconds.
  path: Assets/_Scene/Level.unity
  artifactKey: Guid(f722c52ea3b83e04ca6ac1dd1ad57f35) Importer(2089858483,0ecaa5967403d082aa24f35e1b516d23)
Start importing Assets/_Scene/Level.unity using Guid(f722c52ea3b83e04ca6ac1dd1ad57f35) Importer(2089858483,0ecaa5967403d082aa24f35e1b516d23) (ScriptedImporter) -> (artifact id: 'f312befa6e3da9b4768b867a013ecd3f') in 0.0112516 seconds
Number of updated asset objects reloaded before import = 0Number of asset objects unloaded after import = 1

========================================================================
Received Import Request.
  Time since last request: 187.649355 seconds.
  path: Assets/_Scene/Level.unity
  artifactKey: Guid(f722c52ea3b83e04ca6ac1dd1ad57f35) Importer(2089858483,0ecaa5967403d082aa24f35e1b516d23)
Start importing Assets/_Scene/Level.unity using Guid(f722c52ea3b83e04ca6ac1dd1ad57f35) Importer(2089858483,0ecaa5967403d082aa24f35e1b516d23) (ScriptedImporter) -> (artifact id: '0eb14b21f8fc33f93c97026d5fac37a2') in 0.0114135 seconds
Number of updated asset objects reloaded before import = 0Number of asset objects unloaded after import = 1

========================================================================
Received Import Request.
  Time since last request: 29.373921 seconds.
  path: Assets/_Scene/Level.unity
  artifactKey: Guid(f722c52ea3b83e04ca6ac1dd1ad57f35) Importer(2089858483,0ecaa5967403d082aa24f35e1b516d23)
Start importing Assets/_Scene/Level.unity using Guid(f722c52ea3b83e04ca6ac1dd1ad57f35) Importer(2089858483,0ecaa5967403d082aa24f35e1b516d23) (ScriptedImporter) -> (artifact id: 'aec5456295d25a61cdcaa9f4edec60c3') in 0.0134977 seconds
Number of updated asset objects reloaded before import = 0Number of asset objects unloaded after import = 1

========================================================================
Received Import Request.
  Time since last request: 44.931055 seconds.
  path: Assets/_Scene/Level.unity
  artifactKey: Guid(f722c52ea3b83e04ca6ac1dd1ad57f35) Importer(815301076,1909f56bfc062723c751e8b465ee728b)
Start importing Assets/_Scene/Level.unity using Guid(f722c52ea3b83e04ca6ac1dd1ad57f35) Importer(815301076,1909f56bfc062723c751e8b465ee728b) (PreviewImporter) -> (artifact id: '87d27b3699af33240f3e00f0add85952') in 0.0005938 seconds
Number of updated asset objects reloaded before import = 0Number of asset objects unloaded after import = 0

========================================================================
Received Import Request.
  Time since last request: 73.521940 seconds.
  path: Assets/_Scene/Level.unity
  artifactKey: Guid(f722c52ea3b83e04ca6ac1dd1ad57f35) Importer(2089858483,0ecaa5967403d082aa24f35e1b516d23)
Start importing Assets/_Scene/Level.unity using Guid(f722c52ea3b83e04ca6ac1dd1ad57f35) Importer(2089858483,0ecaa5967403d082aa24f35e1b516d23) (ScriptedImporter) -> (artifact id: 'af301075192d1861c71e765cc64eca6a') in 0.0144417 seconds
Number of updated asset objects reloaded before import = 0Number of asset objects unloaded after import = 1

========================================================================
Received Import Request.
  Time since last request: 498.722390 seconds.
  path: Assets/_Scene/Level/Lightmap-2_comp_light.exr
  artifactKey: Guid(c9b1f0b0700c4e847afb619ec6c12ec7) Importer(2089858483,0ecaa5967403d082aa24f35e1b516d23)
Start importing Assets/_Scene/Level/Lightmap-2_comp_light.exr using Guid(c9b1f0b0700c4e847afb619ec6c12ec7) Importer(2089858483,0ecaa5967403d082aa24f35e1b516d23) (ScriptedImporter) -> (artifact id: '62e9becf21ec1201b03a07c139b30983') in 0.1209776 seconds
Number of updated asset objects reloaded before import = 0Number of asset objects unloaded after import = 1

========================================================================
Received Import Request.
  Time since last request: 0.000024 seconds.
  path: Assets/_Scene/Level/Lightmap-2_comp_shadowmask.png
  artifactKey: Guid(2339262578dfd4545afaedd7ae30d81b) Importer(2089858483,0ecaa5967403d082aa24f35e1b516d23)
Start importing Assets/_Scene/Level/Lightmap-2_comp_shadowmask.png using Guid(2339262578dfd4545afaedd7ae30d81b) Importer(2089858483,0ecaa5967403d082aa24f35e1b516d23) (ScriptedImporter) -> (artifact id: '77a129a9c0133fe5c7584f6618762088') in 0.0330655 seconds
Number of updated asset objects reloaded before import = 0Number of asset objects unloaded after import = 1

========================================================================
Received Import Request.
  Time since last request: 0.000027 seconds.
  path: Assets/_Scene/Level/ReflectionProbe-8.exr
  artifactKey: Guid(9fccf00df2357a84cac21eeb9ae5b132) Importer(2089858483,0ecaa5967403d082aa24f35e1b516d23)
Start importing Assets/_Scene/Level/ReflectionProbe-8.exr using Guid(9fccf00df2357a84cac21eeb9ae5b132) Importer(2089858483,0ecaa5967403d082aa24f35e1b516d23) (ScriptedImporter) -> (artifact id: '01fd76b9de13093dc8adb0a868a49e3c') in 0.0335671 seconds
Number of updated asset objects reloaded before import = 0Number of asset objects unloaded after import = 1

========================================================================
Received Import Request.
  Time since last request: 0.000021 seconds.
  path: Assets/_Scene/Level/ReflectionProbe-5.exr
  artifactKey: Guid(4e1c6499b282704489735bf2e7f2dc9e) Importer(2089858483,0ecaa5967403d082aa24f35e1b516d23)
Start importing Assets/_Scene/Level/ReflectionProbe-5.exr using Guid(4e1c6499b282704489735bf2e7f2dc9e) Importer(2089858483,0ecaa5967403d082aa24f35e1b516d23) (ScriptedImporter) -> (artifact id: 'ea1a78634b9420946f6443c0f8cef3d2') in 0.0222692 seconds
Number of updated asset objects reloaded before import = 0Number of asset objects unloaded after import = 1

========================================================================
Received Import Request.
  Time since last request: 0.000018 seconds.
  path: Assets/_Scene/Level/ReflectionProbe-3.exr
  artifactKey: Guid(f22b4df8a9abc124bb10c989d2be3c04) Importer(2089858483,0ecaa5967403d082aa24f35e1b516d23)
Start importing Assets/_Scene/Level/ReflectionProbe-3.exr using Guid(f22b4df8a9abc124bb10c989d2be3c04) Importer(2089858483,0ecaa5967403d082aa24f35e1b516d23) (ScriptedImporter) -> (artifact id: '498a60b1308739c0e7ec191c3df4f2b9') in 0.0432546 seconds
Number of updated asset objects reloaded before import = 0Number of asset objects unloaded after import = 1

========================================================================
Received Import Request.
  Time since last request: 0.000018 seconds.
  path: Assets/_Scene/Level/ReflectionProbe-4.exr
  artifactKey: Guid(e52fdc739b402f841a60ba53b7188e14) Importer(2089858483,0ecaa5967403d082aa24f35e1b516d23)
Start importing Assets/_Scene/Level/ReflectionProbe-4.exr using Guid(e52fdc739b402f841a60ba53b7188e14) Importer(2089858483,0ecaa5967403d082aa24f35e1b516d23) (ScriptedImporter) -> (artifact id: '64c3e9998246198ba7ee3c0b7500661d') in 0.0210412 seconds
Number of updated asset objects reloaded before import = 0Number of asset objects unloaded after import = 1

========================================================================
Received Import Request.
  Time since last request: 0.000016 seconds.
  path: Assets/_Scene/Level/ReflectionProbe-7.exr
  artifactKey: Guid(ed40c93d7bef32b48a82623656def101) Importer(2089858483,0ecaa5967403d082aa24f35e1b516d23)
Start importing Assets/_Scene/Level/ReflectionProbe-7.exr using Guid(ed40c93d7bef32b48a82623656def101) Importer(2089858483,0ecaa5967403d082aa24f35e1b516d23) (ScriptedImporter) -> (artifact id: '33e665af9b3c123cc36cd2e974afba7c') in 0.0220168 seconds
Number of updated asset objects reloaded before import = 0Number of asset objects unloaded after import = 1

========================================================================
Received Import Request.
  Time since last request: 0.000017 seconds.
  path: Assets/_Scene/Level/ReflectionProbe-11.exr
  artifactKey: Guid(ba8ba52a9ebe8124197cccd157af0937) Importer(2089858483,0ecaa5967403d082aa24f35e1b516d23)
Start importing Assets/_Scene/Level/ReflectionProbe-11.exr using Guid(ba8ba52a9ebe8124197cccd157af0937) Importer(2089858483,0ecaa5967403d082aa24f35e1b516d23) (ScriptedImporter) -> (artifact id: '63c48cce48c30f518fb6f5e526f90981') in 0.0214545 seconds
Number of updated asset objects reloaded before import = 0Number of asset objects unloaded after import = 1

========================================================================
Received Import Request.
  Time since last request: 0.000016 seconds.
  path: Assets/_Scene/Level/ReflectionProbe-0.exr
  artifactKey: Guid(e58b728f91c70cf489c875c579dbd87d) Importer(2089858483,0ecaa5967403d082aa24f35e1b516d23)
Start importing Assets/_Scene/Level/ReflectionProbe-0.exr using Guid(e58b728f91c70cf489c875c579dbd87d) Importer(2089858483,0ecaa5967403d082aa24f35e1b516d23) (ScriptedImporter) -> (artifact id: '14aeccde59ff04cc1e5d0e592b0cfea8') in 0.021355 seconds
Number of updated asset objects reloaded before import = 0Number of asset objects unloaded after import = 1

========================================================================
Received Import Request.
  Time since last request: 0.000019 seconds.
  path: Assets/_Scene/Level/Lightmap-1_comp_dir.png
  artifactKey: Guid(0f1ce4c5e47a44f4992b0a0f9f470004) Importer(2089858483,0ecaa5967403d082aa24f35e1b516d23)
Start importing Assets/_Scene/Level/Lightmap-1_comp_dir.png using Guid(0f1ce4c5e47a44f4992b0a0f9f470004) Importer(2089858483,0ecaa5967403d082aa24f35e1b516d23) (ScriptedImporter) -> (artifact id: 'd1838fe07d90452485c0910472ce63b1') in 0.0429261 seconds
Number of updated asset objects reloaded before import = 0Number of asset objects unloaded after import = 1

========================================================================
Received Import Request.
  Time since last request: 0.000024 seconds.
  path: Assets/_Scene/Level/Lightmap-1_comp_shadowmask.png
  artifactKey: Guid(eb3295ecb9e6f0e4eb37469e77fb6cba) Importer(2089858483,0ecaa5967403d082aa24f35e1b516d23)
Start importing Assets/_Scene/Level/Lightmap-1_comp_shadowmask.png using Guid(eb3295ecb9e6f0e4eb37469e77fb6cba) Importer(2089858483,0ecaa5967403d082aa24f35e1b516d23) (ScriptedImporter) -> (artifact id: '6fb3a40f3b223507c6b3b57271d5f017') in 0.0550838 seconds
Number of updated asset objects reloaded before import = 0Number of asset objects unloaded after import = 1

========================================================================
Received Import Request.
  Time since last request: 0.000017 seconds.
  path: Assets/_Scene/Level/Lightmap-2_comp_dir.png
  artifactKey: Guid(3e8c14129b4b2ef47bb7729ee3d992c3) Importer(2089858483,0ecaa5967403d082aa24f35e1b516d23)
Start importing Assets/_Scene/Level/Lightmap-2_comp_dir.png using Guid(3e8c14129b4b2ef47bb7729ee3d992c3) Importer(2089858483,0ecaa5967403d082aa24f35e1b516d23) (ScriptedImporter) -> (artifact id: '7f0ca1feb81bdb44530fb1f83d559a50') in 0.0267138 seconds
Number of updated asset objects reloaded before import = 0Number of asset objects unloaded after import = 1

========================================================================
Received Import Request.
  Time since last request: 0.000015 seconds.
  path: Assets/_Scene/Level/LightingData.asset
  artifactKey: Guid(504445da8cbcb8044be3f28ec485227f) Importer(2089858483,0ecaa5967403d082aa24f35e1b516d23)
Start importing Assets/_Scene/Level/LightingData.asset using Guid(504445da8cbcb8044be3f28ec485227f) Importer(2089858483,0ecaa5967403d082aa24f35e1b516d23) (ScriptedImporter) -> (artifact id: 'f2db6f2685b22c582e56cc7bd58ec8bc') in 0.0239234 seconds
Number of updated asset objects reloaded before import = 0Number of asset objects unloaded after import = 2

========================================================================
Received Import Request.
  Time since last request: 0.000017 seconds.
  path: Assets/_Scene/Level/ReflectionProbe-10.exr
  artifactKey: Guid(eb854b2fc479b29449f30f2032598a88) Importer(2089858483,0ecaa5967403d082aa24f35e1b516d23)
Start importing Assets/_Scene/Level/ReflectionProbe-10.exr using Guid(eb854b2fc479b29449f30f2032598a88) Importer(2089858483,0ecaa5967403d082aa24f35e1b516d23) (ScriptedImporter) -> (artifact id: 'f5809e746c2f1cecf1e9b34f081c1253') in 0.0212808 seconds
Number of updated asset objects reloaded before import = 0Number of asset objects unloaded after import = 1

========================================================================
Received Import Request.
  Time since last request: 0.000017 seconds.
  path: Assets/_Scene/Level/Lightmap-0_comp_light.exr
  artifactKey: Guid(ee98f4083b619344bb86deb4faf00a27) Importer(2089858483,0ecaa5967403d082aa24f35e1b516d23)
Start importing Assets/_Scene/Level/Lightmap-0_comp_light.exr using Guid(ee98f4083b619344bb86deb4faf00a27) Importer(2089858483,0ecaa5967403d082aa24f35e1b516d23) (ScriptedImporter) -> (artifact id: 'db5b2d60fd8411736c94593358c8e9d8') in 0.0576844 seconds
Number of updated asset objects reloaded before import = 0Number of asset objects unloaded after import = 1

========================================================================
Received Import Request.
  Time since last request: 0.000022 seconds.
  path: Assets/_Scene/Level/ReflectionProbe-9.exr
  artifactKey: Guid(d80f0c55f27f41c4e88f813af1ca5194) Importer(2089858483,0ecaa5967403d082aa24f35e1b516d23)
Start importing Assets/_Scene/Level/ReflectionProbe-9.exr using Guid(d80f0c55f27f41c4e88f813af1ca5194) Importer(2089858483,0ecaa5967403d082aa24f35e1b516d23) (ScriptedImporter) -> (artifact id: 'fee731e9cf5b3a1eb653ac222a16494c') in 0.0366201 seconds
Number of updated asset objects reloaded before import = 0Number of asset objects unloaded after import = 1

========================================================================
Received Import Request.
  Time since last request: 0.000024 seconds.
  path: Assets/_Scene/Level/ReflectionProbe-1.exr
  artifactKey: Guid(98e30e7cc09cdfa4cbb12b9a4c1e2eba) Importer(2089858483,0ecaa5967403d082aa24f35e1b516d23)
Start importing Assets/_Scene/Level/ReflectionProbe-1.exr using Guid(98e30e7cc09cdfa4cbb12b9a4c1e2eba) Importer(2089858483,0ecaa5967403d082aa24f35e1b516d23) (ScriptedImporter) -> (artifact id: '32c6a8df72884402034202b58d123188') in 0.0285285 seconds
Number of updated asset objects reloaded before import = 0Number of asset objects unloaded after import = 1

========================================================================
Received Import Request.
  Time since last request: 0.000016 seconds.
  path: Assets/_Scene/Level/Lightmap-1_comp_light.exr
  artifactKey: Guid(33b46085a5c095f42ad7e997421a7863) Importer(2089858483,0ecaa5967403d082aa24f35e1b516d23)
Start importing Assets/_Scene/Level/Lightmap-1_comp_light.exr using Guid(33b46085a5c095f42ad7e997421a7863) Importer(2089858483,0ecaa5967403d082aa24f35e1b516d23) (ScriptedImporter) -> (artifact id: '2795867499a3a5c1415c8323cdffd77b') in 0.0496547 seconds
Number of updated asset objects reloaded before import = 0Number of asset objects unloaded after import = 1

========================================================================
Received Import Request.
  Time since last request: 0.000015 seconds.
  path: Assets/_Scene/Level/Lightmap-0_comp_dir.png
  artifactKey: Guid(76d1a1c34d0d3294c8794b537ef6e17f) Importer(2089858483,0ecaa5967403d082aa24f35e1b516d23)
Start importing Assets/_Scene/Level/Lightmap-0_comp_dir.png using Guid(76d1a1c34d0d3294c8794b537ef6e17f) Importer(2089858483,0ecaa5967403d082aa24f35e1b516d23) (ScriptedImporter) -> (artifact id: 'c3b50b04ff91e7d2a8ec697049e53ddc') in 0.0381747 seconds
Number of updated asset objects reloaded before import = 0Number of asset objects unloaded after import = 1

========================================================================
Received Import Request.
  Time since last request: 0.000020 seconds.
  path: Assets/_Scene/Level/ReflectionProbe-2.exr
  artifactKey: Guid(0859b9d5c21264c4fa42408bda3a8928) Importer(2089858483,0ecaa5967403d082aa24f35e1b516d23)
Start importing Assets/_Scene/Level/ReflectionProbe-2.exr using Guid(0859b9d5c21264c4fa42408bda3a8928) Importer(2089858483,0ecaa5967403d082aa24f35e1b516d23) (ScriptedImporter) -> (artifact id: 'd9564e6856958c1df31b28417cc85623') in 0.0472606 seconds
Number of updated asset objects reloaded before import = 0Number of asset objects unloaded after import = 1

========================================================================
Received Import Request.
  Time since last request: 0.000015 seconds.
  path: Assets/_Scene/Level/Lightmap-0_comp_shadowmask.png
  artifactKey: Guid(3d5092c52e4cdb7439dca4d04df7eed2) Importer(2089858483,0ecaa5967403d082aa24f35e1b516d23)
Start importing Assets/_Scene/Level/Lightmap-0_comp_shadowmask.png using Guid(3d5092c52e4cdb7439dca4d04df7eed2) Importer(2089858483,0ecaa5967403d082aa24f35e1b516d23) (ScriptedImporter) -> (artifact id: 'bda6db0bce9f6e850498f6a99833a18b') in 0.038279 seconds
Number of updated asset objects reloaded before import = 0Number of asset objects unloaded after import = 1

========================================================================
Received Import Request.
  Time since last request: 0.000018 seconds.
  path: Assets/_Scene/Level/ReflectionProbe-6.exr
  artifactKey: Guid(0038a27d7a4e6634daed146b3ec4a8fb) Importer(2089858483,0ecaa5967403d082aa24f35e1b516d23)
Start importing Assets/_Scene/Level/ReflectionProbe-6.exr using Guid(0038a27d7a4e6634daed146b3ec4a8fb) Importer(2089858483,0ecaa5967403d082aa24f35e1b516d23) (ScriptedImporter) -> (artifact id: '2e29db25ef66c28e7aad8559b157f46a') in 0.021439 seconds
Number of updated asset objects reloaded before import = 0Number of asset objects unloaded after import = 1

========================================================================
Received Prepare
Begin MonoManager ReloadAssembly
[Licensing::Client] Successfully resolved entitlement details
- Loaded All Assemblies, in  0.825 seconds
Refreshing native plugins compatible for Editor in 1.37 ms, found 3 plugins.
Native extension for WindowsStandalone target not found
[MODES] ModeService[none].Initialize
[MODES] ModeService[none].LoadModes
[Package Manager] Failed to launch server process. Reason: Unity was launched with the -noUpm command-line argument
[Package Manager] Unable to send message (not connected to server process).
[Package Manager] Cannot connect to Unity Package Manager local server
Mono: successfully reloaded assembly
- Finished resetting the current domain, in  1.037 seconds
Domain Reload Profiling: 1863ms
	BeginReloadAssembly (247ms)
		ExecutionOrderSort (0ms)
		DisableScriptedObjects (9ms)
		BackupInstance (0ms)
		ReleaseScriptingObjects (0ms)
		CreateAndSetChildDomain (56ms)
	RebuildCommonClasses (44ms)
	RebuildNativeTypeToScriptingClass (17ms)
	initialDomainReloadingComplete (36ms)
	LoadAllAssembliesAndSetupDomain (481ms)
		LoadAssemblies (421ms)
		RebuildTransferFunctionScriptingTraits (0ms)
		AnalyzeDomain (179ms)
			TypeCache.Refresh (6ms)
				TypeCache.ScanAssembly (0ms)
			BuildScriptInfoCaches (162ms)
			ResolveRequiredComponents (6ms)
	FinalizeReload (1038ms)
		ReleaseScriptCaches (0ms)
		RebuildScriptCaches (0ms)
		SetupLoadedEditorAssemblies (892ms)
			LogAssemblyErrors (0ms)
			InitializePlatformSupportModulesInManaged (3ms)
			SetLoadedEditorAssemblies (6ms)
			BeforeProcessingInitializeOnLoad (213ms)
			ProcessInitializeOnLoadAttributes (598ms)
			ProcessInitializeOnLoadMethodAttributes (67ms)
			AfterProcessingInitializeOnLoad (5ms)
			EditorAssembliesLoaded (0ms)
		ExecutionOrderSort2 (0ms)
		AwakeInstancesAfterBackupRestoration (11ms)
Refreshing native plugins compatible for Editor in 1.69 ms, found 3 plugins.
Preloading 0 native plugins for Editor in 0.00 ms.
Unloading 41 Unused Serialized files (Serialized files now loaded: 0)
Unloading 4931 unused Assets / (6.4 MB). Loaded Objects now: 5547.
Memory consumption went from 110.0 MB to 103.6 MB.
Total: 9.432400 ms (FindLiveObjects: 0.643200 ms CreateObjectMapping: 0.687800 ms MarkObjects: 5.603500 ms  DeleteObjects: 2.496300 ms)

Prepare: number of updated asset objects reloaded= 0
========================================================================
Received Prepare
Begin MonoManager ReloadAssembly
[Licensing::Client] Successfully resolved entitlement details
- Loaded All Assemblies, in  0.789 seconds
Refreshing native plugins compatible for Editor in 1.37 ms, found 3 plugins.
Native extension for WindowsStandalone target not found
[MODES] ModeService[none].Initialize
[MODES] ModeService[none].LoadModes
[Package Manager] Failed to launch server process. Reason: Unity was launched with the -noUpm command-line argument
[Package Manager] Unable to send message (not connected to server process).
[Package Manager] Cannot connect to Unity Package Manager local server
Mono: successfully reloaded assembly
- Finished resetting the current domain, in  0.999 seconds
Domain Reload Profiling: 1789ms
	BeginReloadAssembly (235ms)
		ExecutionOrderSort (0ms)
		DisableScriptedObjects (8ms)
		BackupInstance (0ms)
		ReleaseScriptingObjects (0ms)
		CreateAndSetChildDomain (53ms)
	RebuildCommonClasses (41ms)
	RebuildNativeTypeToScriptingClass (17ms)
	initialDomainReloadingComplete (30ms)
	LoadAllAssembliesAndSetupDomain (466ms)
		LoadAssemblies (399ms)
		RebuildTransferFunctionScriptingTraits (0ms)
		AnalyzeDomain (180ms)
			TypeCache.Refresh (7ms)
				TypeCache.ScanAssembly (0ms)
			BuildScriptInfoCaches (163ms)
			ResolveRequiredComponents (6ms)
	FinalizeReload (1000ms)
		ReleaseScriptCaches (0ms)
		RebuildScriptCaches (0ms)
		SetupLoadedEditorAssemblies (842ms)
			LogAssemblyErrors (0ms)
			InitializePlatformSupportModulesInManaged (3ms)
			SetLoadedEditorAssemblies (5ms)
			BeforeProcessingInitializeOnLoad (188ms)
			ProcessInitializeOnLoadAttributes (575ms)
			ProcessInitializeOnLoadMethodAttributes (65ms)
			AfterProcessingInitializeOnLoad (5ms)
			EditorAssembliesLoaded (0ms)
		ExecutionOrderSort2 (0ms)
		AwakeInstancesAfterBackupRestoration (12ms)
Refreshing native plugins compatible for Editor in 1.95 ms, found 3 plugins.
Preloading 0 native plugins for Editor in 0.00 ms.
Unloading 41 Unused Serialized files (Serialized files now loaded: 0)
Unloading 4931 unused Assets / (6.4 MB). Loaded Objects now: 5551.
Memory consumption went from 110.0 MB to 103.6 MB.
Total: 8.769000 ms (FindLiveObjects: 0.552600 ms CreateObjectMapping: 0.595100 ms MarkObjects: 4.994500 ms  DeleteObjects: 2.625800 ms)

Prepare: number of updated asset objects reloaded= 0
========================================================================
Received Prepare
Refreshing native plugins compatible for Editor in 1.46 ms, found 3 plugins.
Preloading 0 native plugins for Editor in 0.00 ms.
Unloading 41 Unused Serialized files (Serialized files now loaded: 0)
Unloading 4923 unused Assets / (6.4 MB). Loaded Objects now: 5551.
Memory consumption went from 110.2 MB to 103.8 MB.
Total: 9.143400 ms (FindLiveObjects: 0.537600 ms CreateObjectMapping: 0.675400 ms MarkObjects: 5.754600 ms  DeleteObjects: 2.174600 ms)

Prepare: number of updated asset objects reloaded= 0
========================================================================
Received Prepare
Begin MonoManager ReloadAssembly
[Licensing::Client] Successfully resolved entitlement details
- Loaded All Assemblies, in  0.876 seconds
Refreshing native plugins compatible for Editor in 1.34 ms, found 3 plugins.
Native extension for WindowsStandalone target not found
[MODES] ModeService[none].Initialize
[MODES] ModeService[none].LoadModes
[Package Manager] Failed to launch server process. Reason: Unity was launched with the -noUpm command-line argument
[Package Manager] Unable to send message (not connected to server process).
[Package Manager] Cannot connect to Unity Package Manager local server
Mono: successfully reloaded assembly
- Finished resetting the current domain, in  0.988 seconds
Domain Reload Profiling: 1864ms
	BeginReloadAssembly (248ms)
		ExecutionOrderSort (0ms)
		DisableScriptedObjects (9ms)
		BackupInstance (0ms)
		ReleaseScriptingObjects (0ms)
		CreateAndSetChildDomain (47ms)
	RebuildCommonClasses (45ms)
	RebuildNativeTypeToScriptingClass (16ms)
	initialDomainReloadingComplete (33ms)
	LoadAllAssembliesAndSetupDomain (534ms)
		LoadAssemblies (484ms)
		RebuildTransferFunctionScriptingTraits (0ms)
		AnalyzeDomain (176ms)
			TypeCache.Refresh (11ms)
				TypeCache.ScanAssembly (2ms)
			BuildScriptInfoCaches (155ms)
			ResolveRequiredComponents (6ms)
	FinalizeReload (989ms)
		ReleaseScriptCaches (0ms)
		RebuildScriptCaches (0ms)
		SetupLoadedEditorAssemblies (847ms)
			LogAssemblyErrors (0ms)
			InitializePlatformSupportModulesInManaged (3ms)
			SetLoadedEditorAssemblies (5ms)
			BeforeProcessingInitializeOnLoad (235ms)
			ProcessInitializeOnLoadAttributes (543ms)
			ProcessInitializeOnLoadMethodAttributes (54ms)
			AfterProcessingInitializeOnLoad (6ms)
			EditorAssembliesLoaded (0ms)
		ExecutionOrderSort2 (0ms)
		AwakeInstancesAfterBackupRestoration (11ms)
Refreshing native plugins compatible for Editor in 1.54 ms, found 3 plugins.
Preloading 0 native plugins for Editor in 0.00 ms.
Unloading 41 Unused Serialized files (Serialized files now loaded: 0)
Unloading 4931 unused Assets / (6.5 MB). Loaded Objects now: 5555.
Memory consumption went from 110.0 MB to 103.6 MB.
Total: 8.757600 ms (FindLiveObjects: 0.618100 ms CreateObjectMapping: 0.785900 ms MarkObjects: 5.115800 ms  DeleteObjects: 2.236900 ms)

Prepare: number of updated asset objects reloaded= 0
========================================================================
Received Prepare
Refreshing native plugins compatible for Editor in 1.44 ms, found 3 plugins.
Preloading 0 native plugins for Editor in 0.00 ms.
Unloading 41 Unused Serialized files (Serialized files now loaded: 0)
Unloading 4923 unused Assets / (6.5 MB). Loaded Objects now: 5555.
Memory consumption went from 110.2 MB to 103.7 MB.
Total: 8.959900 ms (FindLiveObjects: 0.546600 ms CreateObjectMapping: 0.739500 ms MarkObjects: 5.378200 ms  DeleteObjects: 2.294000 ms)

Prepare: number of updated asset objects reloaded= 0
========================================================================
Received Prepare
Begin MonoManager ReloadAssembly
- Loaded All Assemblies, in  0.837 seconds
Refreshing native plugins compatible for Editor in 1.33 ms, found 3 plugins.
Native extension for WindowsStandalone target not found
[MODES] ModeService[none].Initialize
[MODES] ModeService[none].LoadModes
[Package Manager] Failed to launch server process. Reason: Unity was launched with the -noUpm command-line argument
[Package Manager] Unable to send message (not connected to server process).
[Package Manager] Cannot connect to Unity Package Manager local server
Mono: successfully reloaded assembly
- Finished resetting the current domain, in  0.994 seconds
Domain Reload Profiling: 1831ms
	BeginReloadAssembly (235ms)
		ExecutionOrderSort (0ms)
		DisableScriptedObjects (8ms)
		BackupInstance (0ms)
		ReleaseScriptingObjects (0ms)
		CreateAndSetChildDomain (49ms)
	RebuildCommonClasses (47ms)
	RebuildNativeTypeToScriptingClass (17ms)
	initialDomainReloadingComplete (32ms)
	LoadAllAssembliesAndSetupDomain (506ms)
		LoadAssemblies (415ms)
		RebuildTransferFunctionScriptingTraits (0ms)
		AnalyzeDomain (204ms)
			TypeCache.Refresh (12ms)
				TypeCache.ScanAssembly (2ms)
			BuildScriptInfoCaches (181ms)
			ResolveRequiredComponents (8ms)
	FinalizeReload (994ms)
		ReleaseScriptCaches (0ms)
		RebuildScriptCaches (0ms)
		SetupLoadedEditorAssemblies (815ms)
			LogAssemblyErrors (0ms)
			InitializePlatformSupportModulesInManaged (3ms)
			SetLoadedEditorAssemblies (5ms)
			BeforeProcessingInitializeOnLoad (185ms)
			ProcessInitializeOnLoadAttributes (555ms)
			ProcessInitializeOnLoadMethodAttributes (60ms)
			AfterProcessingInitializeOnLoad (6ms)
			EditorAssembliesLoaded (0ms)
		ExecutionOrderSort2 (0ms)
		AwakeInstancesAfterBackupRestoration (13ms)
Refreshing native plugins compatible for Editor in 1.51 ms, found 3 plugins.
Preloading 0 native plugins for Editor in 0.00 ms.
Unloading 41 Unused Serialized files (Serialized files now loaded: 0)
Unloading 4931 unused Assets / (6.5 MB). Loaded Objects now: 5559.
Memory consumption went from 110.0 MB to 103.6 MB.
Total: 8.078200 ms (FindLiveObjects: 0.528500 ms CreateObjectMapping: 0.582200 ms MarkObjects: 4.696900 ms  DeleteObjects: 2.269600 ms)

Prepare: number of updated asset objects reloaded= 0
========================================================================
Received Prepare
Refreshing native plugins compatible for Editor in 1.38 ms, found 3 plugins.
Preloading 0 native plugins for Editor in 0.00 ms.
Unloading 41 Unused Serialized files (Serialized files now loaded: 0)
Unloading 4923 unused Assets / (6.4 MB). Loaded Objects now: 5559.
Memory consumption went from 110.2 MB to 103.8 MB.
Total: 8.733700 ms (FindLiveObjects: 0.534500 ms CreateObjectMapping: 0.597400 ms MarkObjects: 4.855400 ms  DeleteObjects: 2.745200 ms)

Prepare: number of updated asset objects reloaded= 0
========================================================================
Received Prepare
Begin MonoManager ReloadAssembly
[Licensing::Client] Successfully resolved entitlement details
- Loaded All Assemblies, in  0.835 seconds
Refreshing native plugins compatible for Editor in 1.42 ms, found 3 plugins.
Native extension for WindowsStandalone target not found
[MODES] ModeService[none].Initialize
[MODES] ModeService[none].LoadModes
[Package Manager] Failed to launch server process. Reason: Unity was launched with the -noUpm command-line argument
[Package Manager] Unable to send message (not connected to server process).
[Package Manager] Cannot connect to Unity Package Manager local server
Mono: successfully reloaded assembly
- Finished resetting the current domain, in  0.965 seconds
Domain Reload Profiling: 1800ms
	BeginReloadAssembly (237ms)
		ExecutionOrderSort (0ms)
		DisableScriptedObjects (8ms)
		BackupInstance (0ms)
		ReleaseScriptingObjects (0ms)
		CreateAndSetChildDomain (49ms)
	RebuildCommonClasses (42ms)
	RebuildNativeTypeToScriptingClass (17ms)
	initialDomainReloadingComplete (33ms)
	LoadAllAssembliesAndSetupDomain (506ms)
		LoadAssemblies (416ms)
		RebuildTransferFunctionScriptingTraits (0ms)
		AnalyzeDomain (207ms)
			TypeCache.Refresh (13ms)
				TypeCache.ScanAssembly (2ms)
			BuildScriptInfoCaches (182ms)
			ResolveRequiredComponents (8ms)
	FinalizeReload (965ms)
		ReleaseScriptCaches (0ms)
		RebuildScriptCaches (0ms)
		SetupLoadedEditorAssemblies (817ms)
			LogAssemblyErrors (0ms)
			InitializePlatformSupportModulesInManaged (4ms)
			SetLoadedEditorAssemblies (9ms)
			BeforeProcessingInitializeOnLoad (194ms)
			ProcessInitializeOnLoadAttributes (543ms)
			ProcessInitializeOnLoadMethodAttributes (61ms)
			AfterProcessingInitializeOnLoad (6ms)
			EditorAssembliesLoaded (0ms)
		ExecutionOrderSort2 (0ms)
		AwakeInstancesAfterBackupRestoration (13ms)
Refreshing native plugins compatible for Editor in 1.52 ms, found 3 plugins.
Preloading 0 native plugins for Editor in 0.00 ms.
Unloading 41 Unused Serialized files (Serialized files now loaded: 0)
Unloading 4931 unused Assets / (6.5 MB). Loaded Objects now: 5563.
Memory consumption went from 110.1 MB to 103.6 MB.
Total: 8.532200 ms (FindLiveObjects: 0.610100 ms CreateObjectMapping: 0.617600 ms MarkObjects: 4.858300 ms  DeleteObjects: 2.444600 ms)

Prepare: number of updated asset objects reloaded= 0
