
=== Mon Mar 13 23:28:05 2023

Packages were changed.
Update Mode: mergeDefaultDependencies

The following packages were added:
  com.unity.ide.rider@3.0.18
  com.unity.ide.visualstudio@2.0.17
  com.unity.ide.vscode@1.2.5
  com.unity.modules.ai@1.0.0
  com.unity.modules.androidjni@1.0.0
  com.unity.modules.animation@1.0.0
  com.unity.modules.assetbundle@1.0.0
  com.unity.modules.audio@1.0.0
  com.unity.modules.cloth@1.0.0
  com.unity.modules.director@1.0.0
  com.unity.modules.imageconversion@1.0.0
  com.unity.modules.imgui@1.0.0
  com.unity.modules.jsonserialize@1.0.0
  com.unity.modules.particlesystem@1.0.0
  com.unity.modules.physics@1.0.0
  com.unity.modules.physics2d@1.0.0
  com.unity.modules.screencapture@1.0.0
  com.unity.modules.terrain@1.0.0
  com.unity.modules.terrainphysics@1.0.0
  com.unity.modules.tilemap@1.0.0
  com.unity.modules.ui@1.0.0
  com.unity.modules.uielements@1.0.0
  com.unity.modules.umbra@1.0.0
  com.unity.modules.unityanalytics@1.0.0
  com.unity.modules.unitywebrequest@1.0.0
  com.unity.modules.unitywebrequestassetbundle@1.0.0
  com.unity.modules.unitywebrequestaudio@1.0.0
  com.unity.modules.unitywebrequesttexture@1.0.0
  com.unity.modules.unitywebrequestwww@1.0.0
  com.unity.modules.vehicles@1.0.0
  com.unity.modules.video@1.0.0
  com.unity.modules.vr@1.0.0
  com.unity.modules.wind@1.0.0
  com.unity.modules.xr@1.0.0
  com.unity.test-framework@1.1.31
The following packages were updated:
  com.unity.collab-proxy from version 1.13.5 to 2.0.1
  com.unity.timeline from version 1.6.2 to 1.6.4
  com.unity.visualscripting from version 1.7.6 to 1.8.0

=== Fri Mar 29 19:55:55 2024

Packages were changed.
Update Mode: updateDependencies

The following packages were added:
  com.unity.ai.navigation@1.1.5
The following packages were updated:
  com.unity.animation.rigging from version 1.1.1 to 1.2.1
  com.unity.collab-proxy from version 2.0.1 to 2.3.1
  com.unity.formats.fbx from version 4.1.3 to 4.2.1
  com.unity.ide.rider from version 3.0.18 to 3.0.28
  com.unity.ide.visualstudio from version 2.0.17 to 2.0.22
  com.unity.postprocessing from version 3.2.2 to 3.4.0
  com.unity.probuilder from version 5.0.6 to 5.2.2
  com.unity.timeline from version 1.6.4 to 1.7.6
  com.unity.visualscripting from version 1.8.0 to 1.9.2

=== Mon Dec  2 21:03:46 2024

Packages were changed.
Update Mode: updateDependencies

The following packages were added:
  com.unity.modules.accessibility@1.0.0
  com.unity.multiplayer.center@1.0.0
The following packages were updated:
  com.unity.ai.navigation from version 1.1.5 to 2.0.4
  com.unity.animation.rigging from version 1.2.1 to 1.3.0
  com.unity.collab-proxy from version 2.3.1 to 2.5.2
  com.unity.feature.development from version 1.0.1 to 1.0.2
  com.unity.formats.fbx from version 4.2.1 to 5.1.1
  com.unity.ide.rider from version 3.0.28 to 3.0.31
  com.unity.inputsystem from version 1.7.0 to 1.11.2
  com.unity.probuilder from version 5.2.2 to 6.0.4
  com.unity.test-framework from version 1.1.33 to 1.4.5
  com.unity.timeline from version 1.7.6 to 1.8.7
  com.unity.ugui from version 1.0.0 to 2.0.0
  com.unity.visualscripting from version 1.9.2 to 1.9.4
The following packages were removed:
  com.unity.textmeshpro@3.0.8

=== Fri May  9 16:52:29 2025

Packages were changed.
Update Mode: updateDependencies

The following packages were updated:
  com.unity.ai.navigation from version 2.0.6 to 2.0.7
  com.unity.collab-proxy from version 2.5.2 to 2.7.1
  com.unity.ide.rider from version 3.0.34 to 3.0.36
  com.unity.ide.visualstudio from version 2.0.22 to 2.0.23
  com.unity.inputsystem from version 1.11.2 to 1.14.0
  com.unity.probuilder from version 6.0.4 to 6.0.5
  com.unity.test-framework from version 1.4.6 to 1.5.1
  com.unity.visualscripting from version 1.9.5 to 1.9.6

=== Thu Jul  3 18:59:36 2025

Packages were changed.
Update Mode: updateDependencies

The following packages were updated:
  com.unity.ai.navigation from version 2.0.7 to 2.0.8
  com.unity.collab-proxy from version 2.7.1 to 2.8.2
  com.unity.visualscripting from version 1.9.6 to 1.9.7

=== Wed Nov  5 15:48:05 2025

Packages were changed.
Update Mode: updateDependencies

The following packages were updated:
  com.unity.collab-proxy from version 2.9.3 to 2.10.0
  com.unity.ide.visualstudio from version 2.0.23 to 2.0.25
  com.unity.test-framework from version 1.5.1 to 1.6.0

=== Mon Dec 22 17:39:18 2025

Packages were changed.
Update Mode: updateDependencies

The following packages were added:
  com.unity.modules.adaptiveperformance@1.0.0
  com.unity.modules.vectorgraphics@1.0.0
The following packages were updated:
  com.unity.animation.rigging from version 1.3.1 to 1.4.0
  com.unity.collab-proxy from version 2.10.0 to 2.10.2
  com.unity.inputsystem from version 1.14.2 to 1.17.0
  com.unity.multiplayer.center from version 1.0.0 to 1.0.1
  com.unity.probuilder from version 6.0.7 to 6.0.8
